2025-11-04 18:26:41,131 [main] INFO  org.example.tests.PageObjectModel.VWO.TestVWOLogin_PF_WithLog4j - Starting the Testcases Page Factory
2025-11-04 18:26:52,716 [main] INFO  org.example.tests.PageObjectModel.VWO.TestVWOLogin_PF_WithLog4j - Error msg I got Your email, password, IP address or location did not match
2025-11-04 18:26:52,718 [main] INFO  org.example.tests.PageObjectModel.VWO.TestVWOLogin_PF_WithLog4j - Finished the Testcases Page Factory
2025-11-04 18:26:52,718 [main] ERROR org.example.tests.PageObjectModel.VWO.TestVWOLogin_PF_WithLog4j - Finished the Testcases Page Factory
2025-11-04 18:26:52,718 [main] FATAL org.example.tests.PageObjectModel.VWO.TestVWOLogin_PF_WithLog4j - Fatal error - code is dead!
2025-11-04 18:36:13,626 [main] INFO  org.example.tests.PageObjectModel.VWO.TestVWOLogin_PF_WithLog4j - Starting the Testcases Page Factory
2025-11-04 18:36:26,565 [main] INFO  org.example.tests.PageObjectModel.VWO.TestVWOLogin_PF_WithLog4j - Error msg I got Your email, password, IP address or location did not match
2025-11-04 18:36:26,572 [main] INFO  org.example.tests.PageObjectModel.VWO.TestVWOLogin_PF_WithLog4j - Finished the Testcases Page Factory
2025-11-04 18:36:26,582 [main] ERROR org.example.tests.PageObjectModel.VWO.TestVWOLogin_PF_WithLog4j - Finished the Testcases Page Factory
2025-11-04 18:36:26,590 [main] FATAL org.example.tests.PageObjectModel.VWO.TestVWOLogin_PF_WithLog4j - Fatal error - code is dead!
2025-11-05 10:23:15,031 [main] INFO  org.example.tests.PageObjectModel.VWO.TestVWOLogin_03_Retry - Starting the Testcases Page Object Model
2025-11-05 10:23:23,368 [main] INFO  org.example.tests.PageObjectModel.VWO.TestVWOLogin_03_Retry - Starting the Testcases Page Object Model
2025-11-05 10:33:09,834 [main] INFO  org.example.tests.PageObjectModel.VWO.TestVWOLogin_03_Retry - Starting the Testcases Page Object Model
2025-11-05 10:33:17,702 [main] INFO  org.example.tests.PageObjectModel.VWO.TestVWOLogin_03_Retry - Starting the Testcases Page Object Model
2025-11-05 10:33:23,416 [main] INFO  org.example.tests.PageObjectModel.VWO.TestVWOLogin_03_Retry - Starting the Testcases Page Object Model
2025-11-05 10:33:30,562 [main] INFO  org.example.tests.PageObjectModel.VWO.TestVWOLogin_03_Retry - Starting the Testcases Page Object Model
2025-11-05 10:33:36,805 [main] INFO  org.example.tests.PageObjectModel.VWO.TestVWOLogin_03_Retry - Starting the Testcases Page Object Model
2025-11-05 10:34:55,470 [main] INFO  org.example.tests.PageObjectModel.VWO.TestVWOLogin_03_Retry - Starting the Testcases Page Object Model
2025-11-05 10:35:02,656 [main] INFO  org.example.tests.PageObjectModel.VWO.TestVWOLogin_03_Retry - Starting the Testcases Page Object Model
2025-11-05 10:35:08,613 [main] INFO  org.example.tests.PageObjectModel.VWO.TestVWOLogin_03_Retry - Starting the Testcases Page Object Model
2025-11-05 10:35:15,151 [main] INFO  org.example.tests.PageObjectModel.VWO.TestVWOLogin_03_Retry - Starting the Testcases Page Object Model
2025-11-05 10:35:48,453 [main] INFO  org.example.tests.PageObjectModel.VWO.TestVWOLogin_03_Retry - Starting the Testcases Page Object Model
2025-11-05 11:51:53,745 [main] INFO  org.example.tests.PageObjectModel.VWO.TestVWOLogin_03_Retry - Starting the Testcases Page Object Model
2025-11-05 11:52:01,826 [main] INFO  org.example.tests.PageObjectModel.VWO.TestVWOLogin_03_Retry - Starting the Testcases Page Object Model
2025-11-05 11:52:08,193 [main] INFO  org.example.tests.PageObjectModel.VWO.TestVWOLogin_03_Retry - Starting the Testcases Page Object Model
2025-11-05 11:52:16,022 [main] INFO  org.example.tests.PageObjectModel.VWO.TestVWOLogin_03_Retry - Starting the Testcases Page Object Model
2025-11-05 11:55:28,539 [main] INFO  org.example.tests.PageObjectModel.VWO.TestVWOLogin_03_Retry - Starting the Testcases Page Object Model
2025-11-05 11:55:39,012 [main] INFO  org.example.tests.PageObjectModel.VWO.TestVWOLogin_03_Retry - Starting the Testcases Page Object Model
2025-11-05 11:55:45,247 [main] INFO  org.example.tests.PageObjectModel.VWO.TestVWOLogin_03_Retry - Starting the Testcases Page Object Model
2025-11-05 11:55:55,348 [main] INFO  org.example.tests.PageObjectModel.VWO.TestVWOLogin_03_Retry - Starting the Testcases Page Object Model
2025-11-05 12:08:38,079 [main] INFO  org.example.tests.PageObjectModel.VWO.TestVWOLogin_03_Retry - Starting the Testcases Page Object Model
2025-11-05 12:09:08,783 [main] INFO  org.example.tests.PageObjectModel.VWO.TestVWOLogin_03_Retry - Starting the Testcases Page Object Model
2025-11-05 12:09:26,035 [main] INFO  org.example.tests.PageObjectModel.VWO.TestVWOLogin_03_Retry - Starting the Testcases Page Object Model
2025-11-05 12:09:39,484 [main] INFO  org.example.tests.PageObjectModel.VWO.TestVWOLogin_03_Retry - Starting the Testcases Page Object Model
2025-11-05 12:12:19,267 [main] INFO  org.example.tests.PageObjectModel.VWO.TestVWOLogin_03_Retry - Starting the Testcases Page Object Model
2025-11-05 12:12:28,000 [main] INFO  org.example.tests.PageObjectModel.VWO.TestVWOLogin_03_Retry - Starting the Testcases Page Object Model
2025-11-05 12:12:35,249 [main] INFO  org.example.tests.PageObjectModel.VWO.TestVWOLogin_03_Retry - Starting the Testcases Page Object Model
2025-11-05 12:12:43,256 [main] INFO  org.example.tests.PageObjectModel.VWO.TestVWOLogin_03_Retry - Starting the Testcases Page Object Model
2025-11-05 12:17:03,993 [main] INFO  org.example.tests.PageObjectModel.VWO.TestVWOLogin_03_Retry - Starting the Testcases Page Object Model
2025-11-05 12:17:13,121 [main] INFO  org.example.tests.PageObjectModel.VWO.TestVWOLogin_03_Retry - Starting the Testcases Page Object Model
2025-11-05 12:17:25,977 [main] INFO  org.example.tests.PageObjectModel.VWO.TestVWOLogin_03_Retry - Starting the Testcases Page Object Model
