Starting the Testcases Page Factory
Error msg I got Your email, password, IP address or location did not match
Finished the Testcases Page Factory
Finished the Testcases Page Factory
Fatal error - code is dead!
Starting the Testcases Page Factory
Error msg I got Your email, password, IP address or location did not match
Finished the Testcases Page Factory
Finished the Testcases Page Factory
Fatal error - code is dead!
Starting the Testcases Page Object Model
Starting the Testcases Page Object Model
Starting the Testcases Page Object Model
Starting the Testcases Page Object Model
Starting the Testcases Page Object Model
Starting the Testcases Page Object Model
Starting the Testcases Page Object Model
Starting the Testcases Page Object Model
Starting the Testcases Page Object Model
Starting the Testcases Page Object Model
Starting the Testcases Page Object Model
Starting the Testcases Page Object Model
Starting the Testcases Page Object Model
Starting the Testcases Page Object Model
Starting the Testcases Page Object Model
Starting the Testcases Page Object Model
Starting the Testcases Page Object Model
Starting the Testcases Page Object Model
Starting the Testcases Page Object Model
Starting the Testcases Page Object Model
Starting the Testcases Page Object Model
Starting the Testcases Page Object Model
Starting the Testcases Page Object Model
Starting the Testcases Page Object Model
Starting the Testcases Page Object Model
Starting the Testcases Page Object Model
Starting the Testcases Page Object Model
Starting the Testcases Page Object Model
Starting the Testcases Page Object Model
Starting the Testcases Page Object Model
Starting the Testcases Page Object Model
